TN:
SF:app/products/reducers/productPageReducer.ts
FN:3,productPageReducer
FNF:1
FNH:1
FNDA:4,productPageReducer
DA:1,1
DA:2,1
DA:3,1
DA:4,4
DA:5,4
DA:6,4
DA:7,1
DA:8,1
DA:9,1
DA:10,1
DA:11,1
DA:12,4
DA:13,3
DA:14,1
DA:15,1
DA:16,1
DA:17,1
DA:18,1
DA:19,1
DA:20,1
DA:21,2
DA:22,2
DA:23,2
DA:24,2
DA:25,2
DA:26,2
DA:27,2
DA:28,2
DA:29,4
DA:30,0
DA:31,4
DA:32,0
DA:33,4
DA:34,4
DA:35,1
DA:36,1
DA:37,1
DA:38,1
DA:39,1
DA:40,1
DA:41,1
DA:42,1
DA:43,1
DA:44,1
DA:45,1
DA:46,1
DA:47,1
DA:48,1
LF:48
LH:46
BRDA:3,0,0,4
BRDA:6,1,0,1
BRDA:12,2,0,3
BRDA:13,3,0,1
BRDA:20,4,0,2
BRDA:29,5,0,0
BRDA:31,6,0,0
BRDA:25,7,0,8
BRDA:27,8,0,3
BRF:9
BRH:7
end_of_record
